hello
Произведен расчет движения
Произведен расчет движения
hello
dvizhenie.views WARNING 2024-02-27 06:57:39,914 views 10168 9352 hello
dvizhenie.views WARNING 2024-02-27 07:00:21,985 views 1516 9636 hello
dvizhenie.views WARNING 2024-02-28 04:29:24,245 views 9576 7352 hello
2024-02-28 04:45:55,715 views Возникла ошибка при акутуализации данных по выходу БУ 2463 ()
2024-02-28 04:47:22,660 views Возникла ошибка при акутуализации данных по выходу БУ 2463 МАМ ()
2024-02-28 04:53:07,489 views Сервер работает, все ОК ()
2024-02-28 05:04:54,761 views Возникла ошибка при акутуализации данных по выходу БУ ()
2024-02-28 05:05:23,743 views Возникла ошибка при акутуализации данных по выходу БУ 2463 МАМ ()
2024-02-28 05:06:25,316 views Возникла ошибка при акутуализации данных по выходу БУ ()
2024-02-28 05:06:31,968 views Возникла ошибка при акутуализации данных по выходу БУ ()
2024-02-28 05:07:01,271 views Возникла ошибка при поытке вставить месторожедение не из перечня 346 ЗУБ ()
2024-02-28 05:10:42,845 views Сервер работает, все ОК ()
2024-02-28 05:38:59,657 views Сервер работает, все ОК ()
2024-02-28 05:39:32,351 views Сервер работает, все ОК ()
2024-02-28 05:39:49,877 views Сервер работает, все ОК ()
2024-02-28 05:51:50,308 views Сервер работает, все ОК ()
2024-02-28 05:51:53,818 views Сервер работает, все ОК ()
2024-02-28 05:52:15,069 views Сервер работает, все ОК ()
